[2025-12-28 15:22:22,429] 21 root - INFO - Data Ingestion has started
[2025-12-28 15:22:22,429] 23 root - INFO - Data reading using pandas from local file system
[2025-12-28 15:22:22,443] 25 root - INFO - Data reading has been completed
[2025-12-28 15:22:22,493] 29 root - INFO - Raw data store successfully
[2025-12-28 15:22:22,496] 32 root - INFO - Raw data has been split into train and test data set!!
[2025-12-28 15:22:22,535] 35 root - INFO - train data store successfully
[2025-12-28 15:22:22,545] 38 root - INFO - Test data store successfully
[2025-12-28 15:22:22,545] 39 root - INFO - Data Ingestion is completed
[2025-12-28 15:22:22,546] 49 root - INFO - Created feature store configuration at /media/antar-chandra-nath/Media/Poridhi/Project/Modular-Workflow-and-Project-Setup-Basics/feature_repo/feature_store.yaml
[2025-12-28 15:22:22,546] 53 root - INFO - Configuration file content:
project: income_prediction
provider: local
registry: data/registry.db
online_store:
  type: sqlite
offline_store:
  type: file
entity_key_serialization_version: 2
[2025-12-28 15:22:22,739] 57 root - INFO - Feature store initialized successfully
[2025-12-28 15:22:22,758] 110 root - INFO - Read train and test data completed
[2025-12-28 15:22:22,758] 111 root - INFO - Obtaining preprocessing object
[2025-12-28 15:22:22,758] 65 root - INFO - Data Transformation Started
[2025-12-28 15:22:22,760] 126 root - INFO - Applying preprocessing object on training and testing datasets.
[2025-12-28 15:22:22,791] 131 root - INFO - Starting feature store operations
[2025-12-28 15:22:22,806] 176 root - INFO - Saved feature data to feature_repo/data/train_features.parquet
[2025-12-28 15:22:22,807] 997 feast.infra.registry.registry - INFO - Registry cache expired, so refreshing
[2025-12-28 15:22:22,815] 997 feast.infra.registry.registry - INFO - Registry cache expired, so refreshing
[2025-12-28 15:22:22,815] 215 root - INFO - Applied entity and feature view for train
[2025-12-28 15:22:22,815] 997 feast.infra.registry.registry - INFO - Registry cache expired, so refreshing
[2025-12-28 15:22:22,817] 997 feast.infra.registry.registry - INFO - Registry cache expired, so refreshing
[2025-12-28 15:22:22,817] 997 feast.infra.registry.registry - INFO - Registry cache expired, so refreshing
[2025-12-28 15:22:22,817] 997 feast.infra.registry.registry - INFO - Registry cache expired, so refreshing
[2025-12-28 15:22:22,817] 997 feast.infra.registry.registry - INFO - Registry cache expired, so refreshing
[2025-12-28 15:22:22,817] 997 feast.infra.registry.registry - INFO - Registry cache expired, so refreshing
[2025-12-28 15:22:22,818] 997 feast.infra.registry.registry - INFO - Registry cache expired, so refreshing
[2025-12-28 15:22:23,401] 997 feast.infra.registry.registry - INFO - Registry cache expired, so refreshing
[2025-12-28 15:22:23,401] 997 feast.infra.registry.registry - INFO - Registry cache expired, so refreshing
[2025-12-28 15:22:23,401] 997 feast.infra.registry.registry - INFO - Registry cache expired, so refreshing
[2025-12-28 15:22:23,401] 997 feast.infra.registry.registry - INFO - Registry cache expired, so refreshing
[2025-12-28 15:22:25,695] 222 root - INFO - Materialized features successfully
[2025-12-28 15:22:25,695] 135 root - INFO - Pushed training data to feature store
[2025-12-28 15:22:25,699] 176 root - INFO - Saved feature data to feature_repo/data/test_features.parquet
[2025-12-28 15:22:25,700] 997 feast.infra.registry.registry - INFO - Registry cache expired, so refreshing
[2025-12-28 15:22:25,704] 997 feast.infra.registry.registry - INFO - Registry cache expired, so refreshing
[2025-12-28 15:22:25,704] 215 root - INFO - Applied entity and feature view for test
[2025-12-28 15:22:25,704] 997 feast.infra.registry.registry - INFO - Registry cache expired, so refreshing
[2025-12-28 15:22:25,705] 997 feast.infra.registry.registry - INFO - Registry cache expired, so refreshing
[2025-12-28 15:22:25,706] 997 feast.infra.registry.registry - INFO - Registry cache expired, so refreshing
[2025-12-28 15:22:25,706] 997 feast.infra.registry.registry - INFO - Registry cache expired, so refreshing
[2025-12-28 15:22:25,706] 997 feast.infra.registry.registry - INFO - Registry cache expired, so refreshing
[2025-12-28 15:22:25,706] 997 feast.infra.registry.registry - INFO - Registry cache expired, so refreshing
[2025-12-28 15:22:25,706] 997 feast.infra.registry.registry - INFO - Registry cache expired, so refreshing
[2025-12-28 15:22:27,810] 997 feast.infra.registry.registry - INFO - Registry cache expired, so refreshing
[2025-12-28 15:22:27,810] 997 feast.infra.registry.registry - INFO - Registry cache expired, so refreshing
[2025-12-28 15:22:27,810] 997 feast.infra.registry.registry - INFO - Registry cache expired, so refreshing
[2025-12-28 15:22:27,810] 997 feast.infra.registry.registry - INFO - Registry cache expired, so refreshing
[2025-12-28 15:22:28,469] 222 root - INFO - Materialized features successfully
[2025-12-28 15:22:28,469] 138 root - INFO - Pushed testing data to feature store
