[2025-12-28 15:23:29,860] 21 root - INFO - Data Ingestion has started
[2025-12-28 15:23:29,860] 23 root - INFO - Data reading using pandas from local file system
[2025-12-28 15:23:29,879] 25 root - INFO - Data reading has been completed
[2025-12-28 15:23:29,957] 29 root - INFO - Raw data store successfully
[2025-12-28 15:23:29,961] 32 root - INFO - Raw data has been split into train and test data set!!
[2025-12-28 15:23:30,020] 35 root - INFO - train data store successfully
[2025-12-28 15:23:30,033] 38 root - INFO - Test data store successfully
[2025-12-28 15:23:30,033] 39 root - INFO - Data Ingestion is completed
[2025-12-28 15:23:30,034] 49 root - INFO - Created feature store configuration at /media/antar-chandra-nath/Media/Poridhi/Project/Modular-Workflow-and-Project-Setup-Basics/feature_repo/feature_store.yaml
[2025-12-28 15:23:30,034] 53 root - INFO - Configuration file content:
project: income_prediction
provider: local
registry: data/registry.db
online_store:
  type: sqlite
offline_store:
  type: file
entity_key_serialization_version: 2
[2025-12-28 15:23:30,239] 264 feast.infra.registry.registry - INFO - Registry file not found. Creating new registry.
[2025-12-28 15:23:30,253] 57 root - INFO - Feature store initialized successfully
[2025-12-28 15:23:30,276] 110 root - INFO - Read train and test data completed
[2025-12-28 15:23:30,276] 111 root - INFO - Obtaining preprocessing object
[2025-12-28 15:23:30,276] 65 root - INFO - Data Transformation Started
[2025-12-28 15:23:30,278] 126 root - INFO - Applying preprocessing object on training and testing datasets.
[2025-12-28 15:23:30,304] 131 root - INFO - Starting feature store operations
[2025-12-28 15:23:30,317] 176 root - INFO - Saved feature data to feature_repo/data/train_features.parquet
[2025-12-28 15:23:30,318] 997 feast.infra.registry.registry - INFO - Registry cache expired, so refreshing
[2025-12-28 15:23:30,319] 997 feast.infra.registry.registry - INFO - Registry cache expired, so refreshing
[2025-12-28 15:23:30,332] 997 feast.infra.registry.registry - INFO - Registry cache expired, so refreshing
[2025-12-28 15:23:30,332] 215 root - INFO - Applied entity and feature view for train
[2025-12-28 15:23:30,332] 997 feast.infra.registry.registry - INFO - Registry cache expired, so refreshing
[2025-12-28 15:23:30,333] 997 feast.infra.registry.registry - INFO - Registry cache expired, so refreshing
[2025-12-28 15:23:30,333] 997 feast.infra.registry.registry - INFO - Registry cache expired, so refreshing
[2025-12-28 15:23:30,333] 997 feast.infra.registry.registry - INFO - Registry cache expired, so refreshing
[2025-12-28 15:23:30,333] 997 feast.infra.registry.registry - INFO - Registry cache expired, so refreshing
[2025-12-28 15:23:30,333] 997 feast.infra.registry.registry - INFO - Registry cache expired, so refreshing
[2025-12-28 15:23:30,333] 997 feast.infra.registry.registry - INFO - Registry cache expired, so refreshing
[2025-12-28 15:23:33,298] 222 root - INFO - Materialized features successfully
[2025-12-28 15:23:33,298] 135 root - INFO - Pushed training data to feature store
[2025-12-28 15:23:33,302] 176 root - INFO - Saved feature data to feature_repo/data/test_features.parquet
[2025-12-28 15:23:33,303] 997 feast.infra.registry.registry - INFO - Registry cache expired, so refreshing
[2025-12-28 15:23:33,312] 997 feast.infra.registry.registry - INFO - Registry cache expired, so refreshing
[2025-12-28 15:23:33,312] 215 root - INFO - Applied entity and feature view for test
[2025-12-28 15:23:33,312] 997 feast.infra.registry.registry - INFO - Registry cache expired, so refreshing
[2025-12-28 15:23:33,314] 997 feast.infra.registry.registry - INFO - Registry cache expired, so refreshing
[2025-12-28 15:23:33,314] 997 feast.infra.registry.registry - INFO - Registry cache expired, so refreshing
[2025-12-28 15:23:33,314] 997 feast.infra.registry.registry - INFO - Registry cache expired, so refreshing
[2025-12-28 15:23:33,314] 997 feast.infra.registry.registry - INFO - Registry cache expired, so refreshing
[2025-12-28 15:23:33,314] 997 feast.infra.registry.registry - INFO - Registry cache expired, so refreshing
[2025-12-28 15:23:33,314] 997 feast.infra.registry.registry - INFO - Registry cache expired, so refreshing
[2025-12-28 15:23:35,433] 997 feast.infra.registry.registry - INFO - Registry cache expired, so refreshing
[2025-12-28 15:23:35,434] 997 feast.infra.registry.registry - INFO - Registry cache expired, so refreshing
[2025-12-28 15:23:35,434] 997 feast.infra.registry.registry - INFO - Registry cache expired, so refreshing
[2025-12-28 15:23:35,434] 997 feast.infra.registry.registry - INFO - Registry cache expired, so refreshing
[2025-12-28 15:23:36,166] 222 root - INFO - Materialized features successfully
[2025-12-28 15:23:36,166] 138 root - INFO - Pushed testing data to feature store
