[2025-12-28 15:11:50,696] 21 root - INFO - Data Ingestion has started
[2025-12-28 15:11:50,696] 23 root - INFO - Data reading using pandas from local file system
[2025-12-28 15:11:50,714] 25 root - INFO - Data reading has been completed
[2025-12-28 15:11:50,812] 29 root - INFO - Raw data store successfully
[2025-12-28 15:11:50,818] 32 root - INFO - Raw data has been split into train and test data set!!
[2025-12-28 15:11:50,878] 35 root - INFO - train data store successfully
[2025-12-28 15:11:50,889] 38 root - INFO - Test data store successfully
[2025-12-28 15:11:50,889] 39 root - INFO - Data Ingestion is completed
[2025-12-28 15:11:50,890] 49 root - INFO - Feature store configuration written to /media/antar-chandra-nath/Media/Poridhi/Project/Modular-Workflow-and-Project-Setup-Basics/feature_repo/feature_store.yaml
[2025-12-28 15:11:50,890] 53 root - INFO - Feature store configuration content:
project: income_prediction
registry: data/registry.db
provider: local
online_store:
type: sqlite
offline_store:
type: file
entity_key_serialization_version: 2
[2025-12-28 15:11:50,893] 264 feast.infra.registry.registry - INFO - Registry file not found. Creating new registry.
[2025-12-28 15:11:50,911] 57 root - INFO - Feature store initialized successfully.
[2025-12-28 15:11:50,933] 108 root - INFO - Read Train and Test data completed.
[2025-12-28 15:11:50,933] 65 root - INFO - Data transformation has been started.
[2025-12-28 15:11:50,934] 121 root - INFO - Applying preprocessing object on training and testing datasets.
[2025-12-28 15:11:50,960] 126 root - INFO - Starting Feature Store ingestion process.
[2025-12-28 15:11:50,977] 164 root - INFO - Save feature data to feature_repo/data/train_features.parquet successfully.
[2025-12-28 15:11:50,978] 997 feast.infra.registry.registry - INFO - Registry cache expired, so refreshing
[2025-12-28 15:11:50,978] 997 feast.infra.registry.registry - INFO - Registry cache expired, so refreshing
[2025-12-28 15:11:50,986] 211 root - ERROR - Error in push_feature_to_store: 'NoneType' object has no attribute '__module__'
[2025-12-28 15:11:50,986] 21 root - ERROR - 
Error occurred in python script:
→ File: /media/antar-chandra-nath/Media/Poridhi/Project/Modular-Workflow-and-Project-Setup-Basics/src/components/data_transformation.py
→ Line number: 201
→ Error message: 'NoneType' object has no attribute '__module__'
[2025-12-28 15:11:50,986] 146 root - ERROR - Error in initiate_data_transformation 
Error occurred in python script:
→ File: /media/antar-chandra-nath/Media/Poridhi/Project/Modular-Workflow-and-Project-Setup-Basics/src/components/data_transformation.py
→ Line number: 201
→ Error message: 'NoneType' object has no attribute '__module__'
[2025-12-28 15:11:50,986] 21 root - ERROR - 
Error occurred in python script:
→ File: /media/antar-chandra-nath/Media/Poridhi/Project/Modular-Workflow-and-Project-Setup-Basics/src/components/data_transformation.py
→ Line number: 129
→ Error message: 
Error occurred in python script:
→ File: /media/antar-chandra-nath/Media/Poridhi/Project/Modular-Workflow-and-Project-Setup-Basics/src/components/data_transformation.py
→ Line number: 201
→ Error message: 'NoneType' object has no attribute '__module__'
