[2025-12-28 15:48:10,031] 21 root - INFO - Data Ingestion has started
[2025-12-28 15:48:10,031] 23 root - INFO - Data reading using pandas from local file system
[2025-12-28 15:48:10,045] 25 root - INFO - Data reading has been completed
[2025-12-28 15:48:10,095] 29 root - INFO - Raw data store successfully
[2025-12-28 15:48:10,099] 32 root - INFO - Raw data has been split into train and test data set!!
[2025-12-28 15:48:10,152] 35 root - INFO - train data store successfully
[2025-12-28 15:48:10,164] 38 root - INFO - Test data store successfully
[2025-12-28 15:48:10,164] 39 root - INFO - Data Ingestion is completed
[2025-12-28 15:48:10,165] 49 root - INFO - Feature store configuration written to /media/antar-chandra-nath/Media/Poridhi/Project/Modular-Workflow-and-Project-Setup-Basics/feature_repo/feature_store.yaml
[2025-12-28 15:48:10,165] 53 root - INFO - Feature store configuration content:
project: income_prediction
registry: data/registry.db
provider: local
online_store:
  type: sqlite
offline_store:
  type: file
entity_key_serialization_version: 2
[2025-12-28 15:48:10,371] 57 root - INFO - Feature store initialized successfully.
[2025-12-28 15:48:10,387] 108 root - INFO - Read Train and Test data completed.
[2025-12-28 15:48:10,387] 65 root - INFO - Data transformation has been started.
[2025-12-28 15:48:10,388] 121 root - INFO - Applying preprocessing object on training and testing datasets.
[2025-12-28 15:48:10,424] 126 root - INFO - Starting Feature Store ingestion process.
[2025-12-28 15:48:10,440] 157 root - INFO - PUSH_FEATURE_TO_STORE    age  workclass  education_num  marital_status  occupation  relationship  race  sex  capital_gain  capital_loss  hours_per_week  native_country  income            event_timestamp  entity_id
0   36          3              9               5           0             1     4    0             0             0              38              38       0 2025-12-28 15:48:10.424474          0
1   52          3              9               0           2             1     4    1          3325             0              40              38       0 2025-12-28 15:48:10.424474          1
2   34          3             10               2           0             0     4    1             0             0              40              38       1 2025-12-28 15:48:10.424474          2
3   54          3              9               0          13             1     2    1             0             0              40              38       0 2025-12-28 15:48:10.424474          3
4   30          3              9               2           9             0     4    1             0             0              55              38       0 2025-12-28 15:48:10.424474          4
5   34          3              5               2           2             0     4    1             0             0              50              38       0 2025-12-28 15:48:10.424474          5
6   56          3              9               0          13             1     4    1             0             0              30              38       0 2025-12-28 15:48:10.424474          6
7   64          3              9               2          13             0     4    1             0             0              40              38       0 2025-12-28 15:48:10.424474          7
8   46          3             13               2           7             0     4    1             0             0              30              38       1 2025-12-28 15:48:10.424474          8
9   43          3             10               2           9             5     4    0             0          1887              50              38       1 2025-12-28 15:48:10.424474          9
[2025-12-28 15:48:10,453] 166 root - INFO - Save feature data to feature_repo/data/train_features.parquet successfully.
[2025-12-28 15:48:10,455] 997 feast.infra.registry.registry - INFO - Registry cache expired, so refreshing
[2025-12-28 15:48:10,463] 997 feast.infra.registry.registry - INFO - Registry cache expired, so refreshing
[2025-12-28 15:48:10,463] 204 root - INFO - Applied entity and feature view for train to the feature store successfully.
[2025-12-28 15:48:10,464] 997 feast.infra.registry.registry - INFO - Registry cache expired, so refreshing
[2025-12-28 15:48:10,465] 997 feast.infra.registry.registry - INFO - Registry cache expired, so refreshing
[2025-12-28 15:48:10,465] 997 feast.infra.registry.registry - INFO - Registry cache expired, so refreshing
[2025-12-28 15:48:10,465] 997 feast.infra.registry.registry - INFO - Registry cache expired, so refreshing
[2025-12-28 15:48:10,466] 997 feast.infra.registry.registry - INFO - Registry cache expired, so refreshing
[2025-12-28 15:48:10,466] 997 feast.infra.registry.registry - INFO - Registry cache expired, so refreshing
[2025-12-28 15:48:10,466] 997 feast.infra.registry.registry - INFO - Registry cache expired, so refreshing
[2025-12-28 15:48:11,130] 997 feast.infra.registry.registry - INFO - Registry cache expired, so refreshing
[2025-12-28 15:48:11,130] 997 feast.infra.registry.registry - INFO - Registry cache expired, so refreshing
[2025-12-28 15:48:11,131] 997 feast.infra.registry.registry - INFO - Registry cache expired, so refreshing
[2025-12-28 15:48:11,131] 997 feast.infra.registry.registry - INFO - Registry cache expired, so refreshing
[2025-12-28 15:48:13,673] 130 root - INFO - Push train data to feature store
[2025-12-28 15:48:13,678] 157 root - INFO - PUSH_FEATURE_TO_STORE    age  workclass  education_num  marital_status  occupation  relationship  race  sex  capital_gain  capital_loss  hours_per_week  native_country  income            event_timestamp  entity_id
0   31          6             11               2           2             0     4    1             0             0              40              38       0 2025-12-28 15:48:13.673339          0
1   24          0             13               4           3             1     4    1             0             0              40              38       0 2025-12-28 15:48:13.673339          1
2   60          1             10               2           7             0     1    1             0             0              60              29       0 2025-12-28 15:48:13.673339          2
3   31          3             10               4           3             1     4    1             0             0              40              38       0 2025-12-28 15:48:13.673339          3
4   43          0             13               4           3             1     4    1             0             0              40              38       1 2025-12-28 15:48:13.673339          4
5   50          3              9               0           6             1     0    0             0             0              40              38       0 2025-12-28 15:48:13.673339          5
6   66          6              6               0           7             1     2    0             0             0              40              38       0 2025-12-28 15:48:13.673339          6
7   25          3              9               4           7             3     4    0             0             0              25              38       0 2025-12-28 15:48:13.673339          7
8   58          3              9               2           0             5     4    0             0             0              40              38       1 2025-12-28 15:48:13.673339          8
9   45          3             14               2           3             0     4    1             0             0              50              38       1 2025-12-28 15:48:13.673339          9
[2025-12-28 15:48:13,682] 166 root - INFO - Save feature data to feature_repo/data/test_features.parquet successfully.
[2025-12-28 15:48:13,683] 997 feast.infra.registry.registry - INFO - Registry cache expired, so refreshing
[2025-12-28 15:48:13,687] 997 feast.infra.registry.registry - INFO - Registry cache expired, so refreshing
[2025-12-28 15:48:13,687] 204 root - INFO - Applied entity and feature view for test to the feature store successfully.
[2025-12-28 15:48:13,687] 997 feast.infra.registry.registry - INFO - Registry cache expired, so refreshing
[2025-12-28 15:48:13,689] 997 feast.infra.registry.registry - INFO - Registry cache expired, so refreshing
[2025-12-28 15:48:13,689] 997 feast.infra.registry.registry - INFO - Registry cache expired, so refreshing
[2025-12-28 15:48:13,689] 997 feast.infra.registry.registry - INFO - Registry cache expired, so refreshing
[2025-12-28 15:48:13,689] 997 feast.infra.registry.registry - INFO - Registry cache expired, so refreshing
[2025-12-28 15:48:13,689] 997 feast.infra.registry.registry - INFO - Registry cache expired, so refreshing
[2025-12-28 15:48:13,689] 997 feast.infra.registry.registry - INFO - Registry cache expired, so refreshing
[2025-12-28 15:48:15,956] 997 feast.infra.registry.registry - INFO - Registry cache expired, so refreshing
[2025-12-28 15:48:15,956] 997 feast.infra.registry.registry - INFO - Registry cache expired, so refreshing
[2025-12-28 15:48:15,956] 997 feast.infra.registry.registry - INFO - Registry cache expired, so refreshing
[2025-12-28 15:48:15,956] 997 feast.infra.registry.registry - INFO - Registry cache expired, so refreshing
[2025-12-28 15:48:16,637] 133 root - INFO - Push test data to feature store
