[2025-12-28 15:39:10,070] 21 root - INFO - Data Ingestion has started
[2025-12-28 15:39:10,070] 23 root - INFO - Data reading using pandas from local file system
[2025-12-28 15:39:10,084] 25 root - INFO - Data reading has been completed
[2025-12-28 15:39:10,136] 29 root - INFO - Raw data store successfully
[2025-12-28 15:39:10,139] 32 root - INFO - Raw data has been split into train and test data set!!
[2025-12-28 15:39:10,179] 35 root - INFO - train data store successfully
[2025-12-28 15:39:10,189] 38 root - INFO - Test data store successfully
[2025-12-28 15:39:10,189] 39 root - INFO - Data Ingestion is completed
[2025-12-28 15:39:10,189] 49 root - INFO - Feature store configuration written to /media/antar-chandra-nath/Media/Poridhi/Project/Modular-Workflow-and-Project-Setup-Basics/feature_repo/feature_store.yaml
[2025-12-28 15:39:10,190] 53 root - INFO - Feature store configuration content:
project: income_prediction
registry: data/registry.db
provider: local
online_store:
  type: sqlite
offline_store:
  type: file
entity_key_serialization_version: 2
[2025-12-28 15:39:10,379] 57 root - INFO - Feature store initialized successfully.
[2025-12-28 15:39:10,398] 108 root - INFO - Read Train and Test data completed.
[2025-12-28 15:39:10,398] 65 root - INFO - Data transformation has been started.
[2025-12-28 15:39:10,400] 121 root - INFO - Applying preprocessing object on training and testing datasets.
[2025-12-28 15:39:10,426] 126 root - INFO - Starting Feature Store ingestion process.
[2025-12-28 15:39:10,436] 164 root - INFO - Save feature data to feature_repo/data/train_features.parquet successfully.
[2025-12-28 15:39:10,437] 997 feast.infra.registry.registry - INFO - Registry cache expired, so refreshing
[2025-12-28 15:39:10,448] 997 feast.infra.registry.registry - INFO - Registry cache expired, so refreshing
[2025-12-28 15:39:10,448] 202 root - INFO - Applied entity and feature view for train to the feature store successfully.
[2025-12-28 15:39:10,448] 997 feast.infra.registry.registry - INFO - Registry cache expired, so refreshing
[2025-12-28 15:39:10,450] 997 feast.infra.registry.registry - INFO - Registry cache expired, so refreshing
[2025-12-28 15:39:10,450] 997 feast.infra.registry.registry - INFO - Registry cache expired, so refreshing
[2025-12-28 15:39:10,450] 997 feast.infra.registry.registry - INFO - Registry cache expired, so refreshing
[2025-12-28 15:39:10,450] 997 feast.infra.registry.registry - INFO - Registry cache expired, so refreshing
[2025-12-28 15:39:10,451] 997 feast.infra.registry.registry - INFO - Registry cache expired, so refreshing
[2025-12-28 15:39:10,451] 997 feast.infra.registry.registry - INFO - Registry cache expired, so refreshing
[2025-12-28 15:39:11,019] 997 feast.infra.registry.registry - INFO - Registry cache expired, so refreshing
[2025-12-28 15:39:11,020] 997 feast.infra.registry.registry - INFO - Registry cache expired, so refreshing
[2025-12-28 15:39:11,020] 997 feast.infra.registry.registry - INFO - Registry cache expired, so refreshing
[2025-12-28 15:39:11,020] 997 feast.infra.registry.registry - INFO - Registry cache expired, so refreshing
[2025-12-28 15:39:13,339] 130 root - INFO - Push train data to feature store
[2025-12-28 15:39:13,343] 164 root - INFO - Save feature data to feature_repo/data/test_features.parquet successfully.
[2025-12-28 15:39:13,344] 997 feast.infra.registry.registry - INFO - Registry cache expired, so refreshing
[2025-12-28 15:39:13,348] 997 feast.infra.registry.registry - INFO - Registry cache expired, so refreshing
[2025-12-28 15:39:13,348] 202 root - INFO - Applied entity and feature view for test to the feature store successfully.
[2025-12-28 15:39:13,348] 997 feast.infra.registry.registry - INFO - Registry cache expired, so refreshing
[2025-12-28 15:39:13,350] 997 feast.infra.registry.registry - INFO - Registry cache expired, so refreshing
[2025-12-28 15:39:13,350] 997 feast.infra.registry.registry - INFO - Registry cache expired, so refreshing
[2025-12-28 15:39:13,350] 997 feast.infra.registry.registry - INFO - Registry cache expired, so refreshing
[2025-12-28 15:39:13,350] 997 feast.infra.registry.registry - INFO - Registry cache expired, so refreshing
[2025-12-28 15:39:13,350] 997 feast.infra.registry.registry - INFO - Registry cache expired, so refreshing
[2025-12-28 15:39:13,351] 997 feast.infra.registry.registry - INFO - Registry cache expired, so refreshing
[2025-12-28 15:39:15,482] 997 feast.infra.registry.registry - INFO - Registry cache expired, so refreshing
[2025-12-28 15:39:15,483] 997 feast.infra.registry.registry - INFO - Registry cache expired, so refreshing
[2025-12-28 15:39:15,483] 997 feast.infra.registry.registry - INFO - Registry cache expired, so refreshing
[2025-12-28 15:39:15,483] 997 feast.infra.registry.registry - INFO - Registry cache expired, so refreshing
[2025-12-28 15:39:16,134] 133 root - INFO - Push test data to feature store
