[2025-12-28 15:51:03,041] 21 root - INFO - Data Ingestion has started
[2025-12-28 15:51:03,042] 23 root - INFO - Data reading using pandas from local file system
[2025-12-28 15:51:03,056] 25 root - INFO - Data reading has been completed
[2025-12-28 15:51:03,106] 29 root - INFO - Raw data store successfully
[2025-12-28 15:51:03,109] 32 root - INFO - Raw data has been split into train and test data set!!
[2025-12-28 15:51:03,149] 35 root - INFO - train data store successfully
[2025-12-28 15:51:03,159] 38 root - INFO - Test data store successfully
[2025-12-28 15:51:03,159] 39 root - INFO - Data Ingestion is completed
[2025-12-28 15:51:03,160] 31 root - INFO - This is repo path /media/antar-chandra-nath/Media/Poridhi/Project/Modular-Workflow-and-Project-Setup-Basics/feature_repo
[2025-12-28 15:51:03,160] 50 root - INFO - Feature store configuration written to /media/antar-chandra-nath/Media/Poridhi/Project/Modular-Workflow-and-Project-Setup-Basics/feature_repo/feature_store.yaml
[2025-12-28 15:51:03,160] 54 root - INFO - Feature store configuration content:
project: income_prediction
registry: data/registry.db
provider: local
online_store:
  type: sqlite
offline_store:
  type: file
entity_key_serialization_version: 2
[2025-12-28 15:51:03,351] 58 root - INFO - Feature store initialized successfully.
[2025-12-28 15:51:03,370] 109 root - INFO - Read Train and Test data completed.
[2025-12-28 15:51:03,370] 66 root - INFO - Data transformation has been started.
[2025-12-28 15:51:03,371] 122 root - INFO - Applying preprocessing object on training and testing datasets.
[2025-12-28 15:51:03,411] 127 root - INFO - Starting Feature Store ingestion process.
[2025-12-28 15:51:03,426] 166 root - INFO - Save feature data to feature_repo/data/train_features.parquet successfully.
[2025-12-28 15:51:03,427] 997 feast.infra.registry.registry - INFO - Registry cache expired, so refreshing
[2025-12-28 15:51:03,435] 997 feast.infra.registry.registry - INFO - Registry cache expired, so refreshing
[2025-12-28 15:51:03,435] 204 root - INFO - Applied entity and feature view for train to the feature store successfully.
[2025-12-28 15:51:03,435] 997 feast.infra.registry.registry - INFO - Registry cache expired, so refreshing
[2025-12-28 15:51:03,437] 997 feast.infra.registry.registry - INFO - Registry cache expired, so refreshing
[2025-12-28 15:51:03,437] 997 feast.infra.registry.registry - INFO - Registry cache expired, so refreshing
[2025-12-28 15:51:03,437] 997 feast.infra.registry.registry - INFO - Registry cache expired, so refreshing
[2025-12-28 15:51:03,437] 997 feast.infra.registry.registry - INFO - Registry cache expired, so refreshing
[2025-12-28 15:51:03,437] 997 feast.infra.registry.registry - INFO - Registry cache expired, so refreshing
[2025-12-28 15:51:03,438] 997 feast.infra.registry.registry - INFO - Registry cache expired, so refreshing
[2025-12-28 15:51:04,024] 997 feast.infra.registry.registry - INFO - Registry cache expired, so refreshing
[2025-12-28 15:51:04,025] 997 feast.infra.registry.registry - INFO - Registry cache expired, so refreshing
[2025-12-28 15:51:04,025] 997 feast.infra.registry.registry - INFO - Registry cache expired, so refreshing
[2025-12-28 15:51:04,025] 997 feast.infra.registry.registry - INFO - Registry cache expired, so refreshing
[2025-12-28 15:51:06,339] 131 root - INFO - Push train data to feature store
[2025-12-28 15:51:06,344] 166 root - INFO - Save feature data to feature_repo/data/test_features.parquet successfully.
[2025-12-28 15:51:06,345] 997 feast.infra.registry.registry - INFO - Registry cache expired, so refreshing
[2025-12-28 15:51:06,351] 997 feast.infra.registry.registry - INFO - Registry cache expired, so refreshing
[2025-12-28 15:51:06,351] 204 root - INFO - Applied entity and feature view for test to the feature store successfully.
[2025-12-28 15:51:06,351] 997 feast.infra.registry.registry - INFO - Registry cache expired, so refreshing
[2025-12-28 15:51:06,352] 997 feast.infra.registry.registry - INFO - Registry cache expired, so refreshing
[2025-12-28 15:51:06,353] 997 feast.infra.registry.registry - INFO - Registry cache expired, so refreshing
[2025-12-28 15:51:06,353] 997 feast.infra.registry.registry - INFO - Registry cache expired, so refreshing
[2025-12-28 15:51:06,353] 997 feast.infra.registry.registry - INFO - Registry cache expired, so refreshing
[2025-12-28 15:51:06,353] 997 feast.infra.registry.registry - INFO - Registry cache expired, so refreshing
[2025-12-28 15:51:06,353] 997 feast.infra.registry.registry - INFO - Registry cache expired, so refreshing
[2025-12-28 15:51:08,672] 997 feast.infra.registry.registry - INFO - Registry cache expired, so refreshing
[2025-12-28 15:51:08,672] 997 feast.infra.registry.registry - INFO - Registry cache expired, so refreshing
[2025-12-28 15:51:08,672] 997 feast.infra.registry.registry - INFO - Registry cache expired, so refreshing
[2025-12-28 15:51:08,672] 997 feast.infra.registry.registry - INFO - Registry cache expired, so refreshing
[2025-12-28 15:51:09,378] 134 root - INFO - Push test data to feature store
